TN:
SF:src\App.jsx
FN:6,App
FNF:1
FNH:1
FNDA:8,App
DA:1,1
DA:2,1
DA:4,1
DA:6,8
DA:8,8
DA:9,8
DA:10,8
DA:11,8
DA:13,8
DA:15,1
LF:10
LH:10
BRDA:6,0,0,8
BRF:1
BRH:1
end_of_record
TN:
SF:src\main.test.jsx
FN:21,fillBookingForm
FNF:1
FNH:1
FNDA:2,fillBookingForm
DA:1,1
DA:4,1
DA:5,1
DA:6,1
DA:7,1
DA:8,1
DA:10,1
DA:11,1
DA:12,1
DA:15,1
DA:21,1
DA:22,2
DA:23,2
DA:24,2
DA:25,2
DA:26,2
DA:27,2
DA:28,2
DA:30,2
DA:31,2
DA:32,2
DA:33,2
DA:35,2
DA:36,2
DA:37,3
DA:38,3
DA:39,3
DA:40,3
DA:41,3
DA:42,3
DA:43,2
DA:45,1
DA:46,1
DA:47,1
DA:48,1
DA:49,1
DA:50,1
DA:52,1
DA:53,1
DA:55,1
DA:56,1
DA:57,1
DA:58,1
DA:60,1
DA:61,1
DA:62,1
DA:63,1
DA:65,1
DA:66,1
DA:68,1
DA:69,1
DA:70,1
DA:71,1
DA:73,1
DA:74,1
DA:75,1
DA:77,1
DA:78,1
DA:79,1
DA:80,1
DA:82,1
DA:83,1
DA:84,1
DA:86,1
DA:87,1
DA:88,1
DA:89,1
DA:90,1
DA:93,1
DA:94,1
DA:95,1
DA:97,1
DA:98,1
DA:99,1
DA:101,1
DA:102,1
DA:103,1
DA:105,1
DA:106,1
DA:107,1
DA:108,1
DA:110,1
DA:111,1
DA:113,1
DA:114,1
DA:115,1
DA:116,1
DA:118,1
DA:119,1
DA:120,8
DA:121,8
DA:122,8
DA:123,8
DA:124,8
DA:125,8
DA:127,1
DA:128,1
DA:129,1
DA:130,1
DA:132,1
DA:133,1
DA:134,1
DA:136,1
DA:137,1
DA:139,1
DA:140,1
DA:142,1
DA:143,1
DA:145,1
DA:146,1
DA:148,1
DA:149,1
DA:150,1
DA:152,1
DA:153,1
DA:154,1
DA:155,1
DA:157,1
DA:158,1
DA:159,1
DA:161,1
DA:163,1
DA:164,1
DA:165,1
DA:166,1
DA:168,1
DA:169,1
DA:172,1
DA:174,1
DA:177,1
DA:178,1
DA:181,1
DA:182,1
DA:183,1
DA:184,1
DA:185,1
DA:186,1
DA:188,1
DA:189,1
DA:190,1
DA:193,1
DA:195,1
DA:196,1
DA:199,1
DA:202,1
DA:203,1
DA:204,1
DA:205,1
DA:206,1
DA:208,1
DA:209,1
DA:210,1
DA:211,1
DA:213,1
DA:214,1
DA:215,1
DA:218,1
DA:219,1
DA:220,1
DA:222,1
DA:223,1
DA:224,1
DA:227,1
DA:228,1
DA:229,1
DA:230,1
DA:231,1
DA:232,1
DA:234,1
DA:235,1
DA:236,1
DA:237,1
DA:238,1
DA:239,1
DA:240,1
DA:241,1
DA:242,1
DA:243,1
DA:245,1
DA:248,1
DA:249,1
DA:250,1
DA:253,1
DA:254,1
DA:255,1
DA:256,1
DA:259,1
DA:260,1
DA:262,1
DA:263,1
DA:264,1
DA:265,1
DA:266,1
DA:267,1
DA:268,1
DA:269,1
DA:270,1
DA:273,1
DA:274,1
DA:275,1
DA:276,1
DA:277,1
DA:278,1
DA:279,1
DA:280,1
DA:281,1
DA:284,1
DA:285,1
DA:286,1
DA:289,1
DA:290,1
DA:291,1
DA:292,1
DA:293,1
DA:294,1
DA:295,1
LF:216
LH:216
BRDA:21,0,0,2
BRDA:36,1,0,3
BRDA:45,2,0,1
BRDA:46,3,0,1
BRDA:47,4,0,1
BRDA:60,5,0,1
BRDA:61,6,0,1
BRDA:73,7,0,1
BRDA:82,8,0,1
BRDA:83,9,0,1
BRDA:110,10,0,1
BRDA:119,11,0,8
BRDA:132,12,0,1
BRDA:133,13,0,1
BRDA:168,14,0,1
BRDA:188,15,0,1
BRDA:189,16,0,1
BRDA:234,17,0,1
BRDA:235,18,0,1
BRDA:262,19,0,1
BRF:20
BRH:20
end_of_record
TN:
SF:src\router.jsx
FNF:0
FNH:0
DA:1,1
DA:3,1
DA:4,1
DA:6,1
DA:7,1
DA:8,1
DA:9,1
DA:10,1
DA:11,1
DA:12,1
DA:13,1
DA:14,1
DA:15,1
DA:17,1
LF:14
LH:14
BRF:0
BRH:0
end_of_record
TN:
SF:src\__mocks__\handlers.js
FN:4,calculatePrice
FN:11,getConfirmationFromSession
FN:17,saveConfirmationToSession
FNF:3
FNH:2
FNDA:1,calculatePrice
FNDA:0,getConfirmationFromSession
FNDA:1,saveConfirmationToSession
DA:1,1
DA:2,1
DA:3,1
DA:4,1
DA:5,1
DA:6,1
DA:7,1
DA:8,1
DA:9,1
DA:10,1
DA:11,1
DA:12,0
DA:13,0
DA:14,0
DA:15,1
DA:16,1
DA:17,1
DA:18,1
DA:19,1
DA:20,1
DA:21,1
DA:22,1
DA:23,1
DA:24,0
DA:25,0
DA:26,1
DA:27,1
DA:28,1
DA:29,1
DA:30,1
DA:31,1
DA:32,1
DA:33,1
DA:34,1
DA:35,1
DA:36,1
DA:37,1
DA:38,1
DA:39,1
DA:40,1
DA:41,1
DA:42,1
DA:43,1
DA:44,1
DA:45,1
DA:46,1
DA:47,1
DA:48,1
LF:48
LH:43
BRDA:4,0,0,1
BRDA:17,1,0,1
BRDA:29,2,0,1
BRF:3
BRH:3
end_of_record
TN:
SF:src\__mocks__\server.js
FNF:0
FNH:0
DA:1,1
DA:2,1
DA:3,1
DA:4,1
LF:4
LH:4
BRF:0
BRH:0
end_of_record
TN:
SF:src\components\BookingInfo\BookingInfo.jsx
FN:5,BookingInfo
FNF:1
FNH:1
FNDA:73,BookingInfo
DA:1,1
DA:3,1
DA:5,73
DA:6,73
DA:7,73
DA:8,73
DA:9,73
DA:10,73
DA:11,73
DA:12,73
DA:13,73
DA:14,73
DA:15,73
DA:16,73
DA:17,73
DA:18,73
DA:19,73
DA:20,73
DA:21,73
DA:22,73
DA:23,73
DA:24,73
DA:25,73
DA:26,73
DA:27,73
DA:28,73
DA:29,73
DA:30,73
DA:31,73
DA:32,73
DA:33,73
DA:34,73
DA:35,73
DA:36,73
DA:37,73
DA:38,73
DA:39,73
DA:40,73
DA:41,73
DA:42,73
DA:43,73
DA:44,73
DA:46,73
DA:48,1
LF:44
LH:44
BRDA:5,0,0,73
BRF:1
BRH:1
end_of_record
TN:
SF:src\components\ErrorMessage\ErrorMessage.jsx
FN:3,ErrorMessage
FNF:1
FNH:1
FNDA:7,ErrorMessage
DA:1,1
DA:3,7
DA:4,7
DA:5,7
DA:6,7
DA:7,7
DA:9,7
DA:11,1
LF:8
LH:8
BRDA:3,0,0,7
BRF:1
BRH:1
end_of_record
TN:
SF:src\components\Input\Input.jsx
FN:3,Input
FNF:1
FNH:1
FNDA:414,Input
DA:1,1
DA:3,414
DA:4,414
DA:5,414
DA:6,414
DA:7,414
DA:8,414
DA:9,414
DA:10,414
DA:11,414
DA:12,414
DA:13,414
DA:14,414
DA:15,414
DA:16,414
DA:17,414
DA:18,414
DA:19,414
DA:20,414
DA:21,414
DA:22,414
DA:23,414
DA:24,414
DA:25,414
DA:27,414
DA:29,1
LF:26
LH:26
BRDA:3,0,0,414
BRDA:18,1,0,341
BRDA:18,2,0,73
BRDA:21,3,0,16
BRDA:21,4,0,398
BRF:5
BRH:5
end_of_record
TN:
SF:src\components\Navigation\Navigation.jsx
FN:6,Navigation
FN:13,onClick
FN:15,onClick
FN:17,onClick
FNF:4
FNH:4
FNDA:82,Navigation
FNDA:4,onClick
FNDA:1,onClick
FNDA:3,onClick
DA:1,1
DA:2,1
DA:3,1
DA:4,1
DA:6,82
DA:7,82
DA:8,82
DA:10,82
DA:11,82
DA:12,82
DA:13,82
DA:14,82
DA:15,82
DA:16,82
DA:17,82
DA:18,82
DA:20,82
DA:22,1
LF:18
LH:18
BRDA:6,0,0,82
BRDA:11,1,0,4
BRDA:11,2,0,78
BRDA:14,3,0,4
BRDA:14,4,0,78
BRDA:16,5,0,4
BRDA:16,6,0,78
BRDA:13,7,0,4
BRDA:15,8,0,1
BRDA:17,9,0,3
BRF:10
BRH:10
end_of_record
TN:
SF:src\components\Shoes\Shoes.jsx
FN:6,Shoes
FN:21,onClick
FN:41,onClick
FNF:3
FNH:3
FNDA:73,Shoes
FNDA:1,onClick
FNDA:14,onClick
DA:1,1
DA:2,1
DA:4,1
DA:6,73
DA:7,73
DA:8,106
DA:9,106
DA:10,106
DA:11,106
DA:12,106
DA:13,106
DA:14,106
DA:15,106
DA:16,106
DA:17,106
DA:18,106
DA:19,106
DA:20,106
DA:21,106
DA:22,1
DA:23,1
DA:24,106
DA:26,106
DA:27,106
DA:30,106
DA:31,73
DA:33,73
DA:34,73
DA:35,73
DA:36,73
DA:37,73
DA:38,73
DA:39,73
DA:40,73
DA:41,73
DA:42,14
DA:43,14
DA:44,73
DA:46,73
DA:47,73
DA:49,73
DA:51,1
LF:42
LH:42
BRDA:6,0,0,73
BRDA:7,1,0,106
BRDA:21,2,0,1
BRDA:41,3,0,14
BRF:4
BRH:4
end_of_record
TN:
SF:src\components\Top\Top.jsx
FN:4,Top
FNF:1
FNH:1
FNDA:78,Top
DA:1,1
DA:2,1
DA:4,78
DA:5,78
DA:6,78
DA:7,78
DA:8,78
DA:9,78
DA:11,78
DA:13,1
LF:10
LH:10
BRDA:4,0,0,78
BRF:1
BRH:1
end_of_record
TN:
SF:src\views\Booking.jsx
FN:11,Booking
FN:22,updateBookingDetails
FN:32,updateSize
FN:45,addShoe
FN:51,removeShoe
FN:57,isShoeSizesFilled
FN:65,checkPlayersAndLanes
FN:74,sendBooking
FN:90,comparePeopleAndShoes
FN:94,saveConfirmation
FN:102,book
FNF:11
FNH:11
FNDA:88,Booking
FNDA:22,updateBookingDetails
FNDA:32,updateSize
FNDA:14,addShoe
FNDA:1,removeShoe
FNDA:3,isShoeSizesFilled
FNDA:2,checkPlayersAndLanes
FNDA:1,sendBooking
FNDA:5,comparePeopleAndShoes
FNDA:1,saveConfirmation
FNDA:8,book
DA:1,1
DA:2,1
DA:3,1
DA:5,1
DA:6,1
DA:7,1
DA:8,1
DA:9,1
DA:11,88
DA:12,88
DA:13,88
DA:14,88
DA:15,88
DA:16,88
DA:17,88
DA:18,88
DA:19,88
DA:20,88
DA:22,88
DA:23,22
DA:24,22
DA:26,22
DA:27,22
DA:28,22
DA:29,22
DA:30,22
DA:32,88
DA:33,32
DA:34,32
DA:36,32
DA:37,17
DA:38,17
DA:39,49
DA:40,17
DA:41,17
DA:42,17
DA:43,32
DA:45,88
DA:46,14
DA:48,14
DA:49,14
DA:51,88
DA:52,1
DA:54,1
DA:55,1
DA:57,88
DA:58,3
DA:60,3
DA:62,3
DA:63,3
DA:65,88
DA:66,2
DA:67,2
DA:69,2
DA:71,1
DA:72,2
DA:74,88
DA:75,1
DA:76,1
DA:77,1
DA:78,1
DA:79,1
DA:80,1
DA:81,1
DA:82,1
DA:83,1
DA:84,1
DA:85,1
DA:87,1
DA:88,1
DA:90,88
DA:91,5
DA:92,5
DA:94,88
DA:95,1
DA:96,1
DA:98,1
DA:99,1
DA:100,1
DA:102,88
DA:103,8
DA:105,8
DA:106,3
DA:107,8
DA:108,2
DA:109,5
DA:110,1
DA:111,3
DA:112,1
DA:113,1
DA:116,8
DA:117,7
DA:118,7
DA:119,7
DA:121,1
DA:122,1
DA:123,1
DA:124,1
DA:125,1
DA:126,1
DA:128,1
DA:130,1
DA:132,1
DA:133,1
DA:135,1
DA:136,1
DA:137,1
DA:138,8
DA:140,88
DA:141,88
DA:142,88
DA:143,88
DA:144,88
DA:145,88
DA:146,88
DA:147,88
DA:148,88
DA:149,88
DA:150,88
DA:151,88
DA:153,88
DA:154,88
DA:155,88
DA:157,88
DA:159,1
LF:125
LH:125
BRDA:11,0,0,88
BRDA:154,1,0,7
BRDA:154,2,0,81
BRDA:22,3,0,22
BRDA:26,4,0,22
BRDA:32,5,0,32
BRDA:36,6,0,17
BRDA:36,7,0,17
BRDA:37,8,0,17
BRDA:38,9,0,49
BRDA:39,10,0,17
BRDA:39,11,0,32
BRDA:45,12,0,14
BRDA:51,13,0,1
BRDA:54,14,0,2
BRDA:57,15,0,3
BRDA:60,16,0,12
BRDA:60,17,0,11
BRDA:60,18,0,1
BRDA:65,19,0,2
BRDA:69,20,0,1
BRDA:74,21,0,1
BRDA:90,22,0,5
BRDA:94,23,0,1
BRDA:95,24,0,1
BRDA:102,25,0,8
BRDA:105,26,0,7
BRDA:105,27,0,5
BRDA:105,28,0,5
BRDA:105,29,0,3
BRDA:107,30,0,5
BRDA:107,31,0,2
BRDA:109,32,0,3
BRDA:109,33,0,1
BRDA:111,34,0,2
BRDA:111,35,0,1
BRDA:116,36,0,7
BRDA:119,37,0,1
BRDA:125,38,0,2
BRF:39
BRH:39
end_of_record
TN:
SF:src\views\Confirmation.jsx
FN:8,Confirmation
FNF:1
FNH:1
FNDA:5,Confirmation
DA:1,1
DA:2,1
DA:4,1
DA:5,1
DA:6,1
DA:8,5
DA:9,5
DA:11,5
DA:12,5
DA:13,4
DA:15,5
DA:16,5
DA:17,5
DA:18,5
DA:19,5
DA:20,4
DA:21,4
DA:22,4
DA:23,4
DA:24,4
DA:25,4
DA:26,4
DA:27,4
DA:28,4
DA:29,4
DA:30,4
DA:31,4
DA:32,4
DA:33,4
DA:34,4
DA:35,4
DA:36,4
DA:37,4
DA:38,4
DA:39,4
DA:40,4
DA:41,4
DA:42,4
DA:43,4
DA:44,4
DA:45,4
DA:46,4
DA:47,4
DA:48,4
DA:49,4
DA:50,4
DA:51,4
DA:52,4
DA:53,4
DA:55,4
DA:56,4
DA:58,1
DA:60,5
DA:62,5
DA:64,1
LF:55
LH:55
BRDA:8,0,0,5
BRDA:12,1,0,1
BRDA:12,2,0,4
BRDA:19,3,0,4
BRDA:19,4,0,4
BRDA:56,5,0,1
BRF:6
BRH:6
end_of_record
